0 info it worked if it ends with ok
1 verbose cli [ 'node', '/usr/local/bin/npm', 'install', '-g', 'chartjs' ]
2 info using npm@1.4.9
3 info using node@v0.10.26
4 verbose node symlink /usr/local/bin/node
5 verbose cache add [ 'chartjs', null ]
6 verbose cache add name=undefined spec="chartjs" args=["chartjs",null]
7 verbose parsed url { protocol: null,
7 verbose parsed url   slashes: null,
7 verbose parsed url   auth: null,
7 verbose parsed url   host: null,
7 verbose parsed url   port: null,
7 verbose parsed url   hostname: null,
7 verbose parsed url   hash: null,
7 verbose parsed url   search: null,
7 verbose parsed url   query: null,
7 verbose parsed url   pathname: 'chartjs',
7 verbose parsed url   path: 'chartjs',
7 verbose parsed url   href: 'chartjs' }
8 silly lockFile 72724107-chartjs chartjs
9 verbose lock chartjs /Users/mac/.npm/72724107-chartjs.lock
10 silly lockFile 72724107-chartjs chartjs
11 silly lockFile 72724107-chartjs chartjs
12 verbose addNamed [ 'chartjs', '' ]
13 verbose addNamed [ null, '*' ]
14 silly lockFile 91685b43-chartjs chartjs@
15 verbose lock chartjs@ /Users/mac/.npm/91685b43-chartjs.lock
16 silly addNameRange { name: 'chartjs', range: '*', hasData: false }
17 verbose url raw chartjs
18 verbose url resolving [ 'https://registry.npmjs.org/', './chartjs' ]
19 verbose url resolved https://registry.npmjs.org/chartjs
20 info trying registry request attempt 1 at 20:33:29
21 http GET https://registry.npmjs.org/chartjs
22 http 404 https://registry.npmjs.org/chartjs
23 verbose headers { date: 'Thu, 23 Oct 2014 12:33:31 GMT',
23 verbose headers   server: 'CouchDB/1.5.0 (Erlang OTP/R16B03)',
23 verbose headers   'content-type': 'application/json',
23 verbose headers   'cache-control': 'max-age=0',
23 verbose headers   'content-length': '52',
23 verbose headers   'accept-ranges': 'bytes',
23 verbose headers   via: '1.1 varnish',
23 verbose headers   age: '0',
23 verbose headers   'x-served-by': 'cache-ty68-TYO',
23 verbose headers   'x-cache': 'MISS',
23 verbose headers   'x-cache-hits': '0',
23 verbose headers   'x-timer': 'S1414067611.104620,VS0,VE751',
23 verbose headers   'keep-alive': 'timeout=10, max=50',
23 verbose headers   connection: 'Keep-Alive' }
24 silly registry.get cb [ 404,
24 silly registry.get   { date: 'Thu, 23 Oct 2014 12:33:31 GMT',
24 silly registry.get     server: 'CouchDB/1.5.0 (Erlang OTP/R16B03)',
24 silly registry.get     'content-type': 'application/json',
24 silly registry.get     'cache-control': 'max-age=0',
24 silly registry.get     'content-length': '52',
24 silly registry.get     'accept-ranges': 'bytes',
24 silly registry.get     via: '1.1 varnish',
24 silly registry.get     age: '0',
24 silly registry.get     'x-served-by': 'cache-ty68-TYO',
24 silly registry.get     'x-cache': 'MISS',
24 silly registry.get     'x-cache-hits': '0',
24 silly registry.get     'x-timer': 'S1414067611.104620,VS0,VE751',
24 silly registry.get     'keep-alive': 'timeout=10, max=50',
24 silly registry.get     connection: 'Keep-Alive' } ]
25 silly lockFile 91685b43-chartjs chartjs@
26 silly lockFile 91685b43-chartjs chartjs@
27 error 404 404 Not Found: chartjs
27 error 404
27 error 404 'chartjs' is not in the npm registry.
27 error 404 You should bug the author to publish it
27 error 404
27 error 404 Note that you can also install from a
27 error 404 tarball, folder, or http url, or git url.
28 error System Darwin 14.0.0
29 error command "node" "/usr/local/bin/npm" "install" "-g" "chartjs"
30 error cwd /Users/mac/mine/code/ruby/rails/own_demo/track
31 error node -v v0.10.26
32 error npm -v 1.4.9
33 error code E404
34 verbose exit [ 1, true ]
